<?xml version="1.0" encoding="UTF-8"?>
<!-- Generated by org.testng.reporters.JUnitReportReporter -->
<testsuite hostname="AMIT" failures="0" tests="1" name="bookAPI.List_Books" time="2.829" errors="0" timestamp="2023-03-06T22:01:23 IST" skipped="0">
  <testcase classname="bookAPI.List_Books" name="displayBooks" time="2.829"/>
  <system-out/>
</testsuite> <!-- bookAPI.List_Books -->
