<?xml version="1.0" encoding="UTF-8"?>
<!-- Generated by org.testng.reporters.JUnitReportReporter -->
<testsuite hostname="AMIT" failures="0" tests="1" name="bookAPI.Create_user" time="5.778" errors="0" timestamp="2023-03-06T22:01:23 IST" skipped="0">
  <testcase classname="bookAPI.Create_user" name="userCreation" time="5.778"/>
  <system-out/>
</testsuite> <!-- bookAPI.Create_user -->
