<?xml version="1.0" encoding="UTF-8"?>
<!-- Generated by org.testng.reporters.JUnitReportReporter -->
<testsuite hostname="AMIT" failures="0" tests="1" name="bookAPI.Book_Order" time="23.366" errors="0" timestamp="2023-03-06T22:01:23 IST" skipped="0">
  <testcase classname="bookAPI.Book_Order" name="orderBook" time="23.366"/>
  <system-out/>
</testsuite> <!-- bookAPI.Book_Order -->
