<?xml version="1.0" encoding="UTF-8"?>
<!-- Generated by org.testng.reporters.JUnitReportReporter -->
<testsuite hostname="AMIT" failures="0" tests="2" name="pet_store.Add_Pet" time="6.543" errors="0" timestamp="2023-03-06T13:21:48 IST" skipped="0">
  <testcase classname="pet_store.Add_Pet" name="addNewPet" time="4.466"/>
  <system-out/>
  <testcase classname="pet_store.Add_Pet" name="FindPet" time="2.077"/>
  <system-out/>
</testsuite> <!-- pet_store.Add_Pet -->
