<?xml version="1.0" encoding="UTF-8"?>
<!-- Generated by org.testng.reporters.JUnitReportReporter -->
<testsuite hostname="AMIT" failures="0" tests="3" name="reqres.ReqresAPIs" time="7.236" errors="0" timestamp="2023-03-05T21:53:26 IST" skipped="0">
  <testcase classname="reqres.ReqresAPIs" name="getListUsers" time="4.234"/>
  <system-out/>
  <testcase classname="reqres.ReqresAPIs" name="getUser" time="1.828"/>
  <system-out/>
  <testcase classname="reqres.ReqresAPIs" name="updateUser" time="1.174"/>
  <system-out/>
</testsuite> <!-- reqres.ReqresAPIs -->
